0 info it worked if it ends with ok
1 verbose cli [ '/home/admin/.nodebrew/current/bin/node',
1 verbose cli   '/home/admin/.nodebrew/current/bin/npm',
1 verbose cli   'adduser' ]
2 info using npm@1.3.14
3 info using node@v0.10.22
4 verbose node symlink /home/admin/.nodebrew/current/bin/node
5 verbose adduser before first PUT { name: 'kuniiskywalker',
5 verbose adduser   salt: 'XXXXX',
5 verbose adduser   password_sha: 'XXXXX',
5 verbose adduser   email: 'kuniiskywalker@gmail.com',
5 verbose adduser   _id: 'org.couchdb.user:kuniiskywalker',
5 verbose adduser   type: 'user',
5 verbose adduser   roles: [],
5 verbose adduser   date: '2017-12-13T01:33:20.539Z' }
6 verbose url raw /-/user/org.couchdb.user:kuniiskywalker
7 verbose url resolving [ 'https://registry.npmjs.org/',
7 verbose url resolving   './-/user/org.couchdb.user:kuniiskywalker' ]
8 verbose url resolved https://registry.npmjs.org/-/user/org.couchdb.user:kuniiskywalker
9 info trying registry request attempt 1 at 10:33:20
10 http PUT https://registry.npmjs.org/-/user/org.couchdb.user:kuniiskywalker
11 http 400 https://registry.npmjs.org/-/user/org.couchdb.user:kuniiskywalker
12 verbose adduser back [ [Error: child "password" fails because ["password" is required] : -/user/org.couchdb.user:kuniiskywalker],
12 verbose adduser   { ok: false,
12 verbose adduser     error: 'child "password" fails because ["password" is required]' },
12 verbose adduser   '{"ok":false,"error":"child \\"password\\" fails because [\\"password\\" is required]"}' ]
13 error Error: child "password" fails because ["password" is required] : -/user/org.couchdb.user:kuniiskywalker
13 error     at RegClient.<anonymous> (/home/admin/.nodebrew/node/v0.10.22/lib/node_modules/npm/node_modules/npm-registry-client/lib/request.js:272:14)
13 error     at Request.self.callback (/home/admin/.nodebrew/node/v0.10.22/lib/node_modules/npm/node_modules/request/request.js:129:22)
13 error     at Request.EventEmitter.emit (events.js:98:17)
13 error     at Request.<anonymous> (/home/admin/.nodebrew/node/v0.10.22/lib/node_modules/npm/node_modules/request/request.js:873:14)
13 error     at Request.EventEmitter.emit (events.js:117:20)
13 error     at IncomingMessage.<anonymous> (/home/admin/.nodebrew/node/v0.10.22/lib/node_modules/npm/node_modules/request/request.js:824:12)
13 error     at IncomingMessage.EventEmitter.emit (events.js:117:20)
13 error     at _stream_readable.js:920:16
13 error     at process._tickCallback (node.js:415:13)
14 error If you need help, you may report this log at:
14 error     <http://github.com/isaacs/npm/issues>
14 error or email it to:
14 error     <npm-@googlegroups.com>
15 error System Linux 3.10.0-327.36.2.el7.x86_64
16 error command "/home/admin/.nodebrew/current/bin/node" "/home/admin/.nodebrew/current/bin/npm" "adduser"
17 error cwd /home/share/data/git/array-devide
18 error node -v v0.10.22
19 error npm -v 1.3.14
20 verbose exit [ 1, true ]
